2024-07-16 22:26:29,465 : api : INFO : Подключаемся к API
2024-07-16 22:26:29,465 : api : INFO : Скачиваем данные из https://b2b.itresume.ru/api/statistics
2024-07-16 22:26:56,174 : api : INFO : Скачивание завершено
2024-07-16 22:26:56,290 : api : INFO : Обработка данных завершена
2024-07-16 22:26:56,291 : database_psql : INFO : Подключаемся к базе данных PostgreSQL "API"
2024-07-16 22:26:56,368 : database_psql : INFO : Загружаем данные в базу данных "API"
2024-07-16 22:27:01,759 : database_psql : INFO : Загрузка завершена
2024-07-16 22:27:01,832 : googlesheets : INFO : Подключаемся к Google Sheets
2024-07-16 22:27:32,388 : api : INFO : Подключаемся к API
2024-07-16 22:27:32,388 : api : INFO : Скачиваем данные из https://b2b.itresume.ru/api/statistics
2024-07-16 22:27:56,884 : api : INFO : Скачивание завершено
2024-07-16 22:27:57,002 : api : INFO : Обработка данных завершена
2024-07-16 22:27:57,003 : database_psql : INFO : Подключаемся к базе данных PostgreSQL "API"
2024-07-16 22:27:57,059 : database_psql : INFO : Загружаем данные в базу данных "API"
2024-07-16 22:27:58,558 : database_psql : INFO : Загрузка завершена
2024-07-16 22:27:58,585 : googlesheets : INFO : Подключаемся к Google Sheets
2024-07-16 22:30:13,499 : api : INFO : Подключаемся к API
2024-07-16 22:30:13,499 : api : INFO : Скачиваем данные из https://b2b.itresume.ru/api/statistics
2024-07-16 22:30:42,273 : api : INFO : Скачивание завершено
2024-07-16 22:30:42,391 : api : INFO : Обработка данных завершена
2024-07-16 22:30:42,392 : database_psql : INFO : Подключаемся к базе данных PostgreSQL "API"
2024-07-16 22:30:42,449 : database_psql : INFO : Загружаем данные в базу данных "API"
2024-07-16 22:30:43,865 : database_psql : INFO : Загрузка завершена
2024-07-16 22:30:43,893 : googlesheets : INFO : Подключаемся к Google Sheets
2024-07-16 22:33:08,657 : api : INFO : Подключаемся к API
2024-07-16 22:33:08,657 : api : INFO : Скачиваем данные из https://b2b.itresume.ru/api/statistics
2024-07-16 22:33:36,047 : api : INFO : Скачивание завершено
2024-07-16 22:33:36,165 : api : INFO : Обработка данных завершена
2024-07-16 22:33:36,166 : database_psql : INFO : Подключаемся к базе данных PostgreSQL "API"
2024-07-16 22:33:36,225 : database_psql : INFO : Загружаем данные в базу данных "API"
2024-07-16 22:33:37,806 : database_psql : INFO : Загрузка завершена
2024-07-16 22:33:37,833 : googlesheets : INFO : Подключаемся к Google Sheets
2024-07-16 22:42:12,069 : api : INFO : Подключаемся к API
2024-07-16 22:42:12,070 : api : INFO : Скачиваем данные из https://b2b.itresume.ru/api/statistics
2024-07-16 22:42:41,792 : api : INFO : Скачивание завершено
2024-07-16 22:42:41,911 : api : INFO : Обработка данных завершена
2024-07-16 22:42:41,919 : database_psql : INFO : Подключаемся к базе данных PostgreSQL "API"
2024-07-16 22:42:41,994 : database_psql : INFO : Загружаем данные в базу данных "API"
2024-07-16 22:42:47,248 : database_psql : INFO : Загрузка завершена
2024-07-16 22:42:47,325 : googlesheets : INFO : Подключаемся к Google Sheets
2024-07-16 22:44:07,842 : api : INFO : Подключаемся к API
2024-07-16 22:44:07,843 : api : INFO : Скачиваем данные из https://b2b.itresume.ru/api/statistics
2024-07-16 22:44:34,543 : api : INFO : Скачивание завершено
2024-07-16 22:44:34,675 : api : INFO : Обработка данных завершена
2024-07-16 22:44:34,682 : database_psql : INFO : Подключаемся к базе данных PostgreSQL "API"
2024-07-16 22:44:34,759 : database_psql : INFO : Загружаем данные в базу данных "API"
2024-07-16 22:44:40,099 : database_psql : INFO : Загрузка завершена
2024-07-16 22:44:40,190 : googlesheets : INFO : Подключаемся к Google Sheets
2024-07-16 22:47:49,087 : api : INFO : Подключаемся к API
2024-07-16 22:47:49,087 : api : INFO : Скачиваем данные из https://b2b.itresume.ru/api/statistics
2024-07-16 22:48:19,196 : api : INFO : Скачивание завершено
2024-07-16 22:48:19,324 : api : INFO : Обработка данных завершена
2024-07-16 22:48:19,325 : database_psql : INFO : Подключаемся к базе данных PostgreSQL "API"
2024-07-16 22:48:41,159 : api : INFO : Подключаемся к API
2024-07-16 22:48:41,159 : api : INFO : Скачиваем данные из https://b2b.itresume.ru/api/statistics
2024-07-16 22:49:10,276 : api : INFO : Скачивание завершено
2024-07-16 22:49:10,398 : api : INFO : Обработка данных завершена
2024-07-16 22:49:10,399 : database_psql : INFO : Подключаемся к базе данных PostgreSQL "API"
2024-07-16 22:54:29,229 : api : INFO : Подключаемся к API
2024-07-16 22:54:29,229 : api : INFO : Скачиваем данные из https://b2b.itresume.ru/api/statistics
2024-07-16 22:54:57,722 : api : INFO : Скачивание завершено
2024-07-16 22:54:57,842 : api : INFO : Обработка данных завершена
2024-07-16 22:54:57,851 : database_psql : INFO : Подключаемся к базе данных PostgreSQL "API"
2024-07-16 22:58:00,371 : api : INFO : Подключаемся к API
2024-07-16 22:58:00,378 : api : INFO : Скачиваем данные из https://b2b.itresume.ru/api/statistics
2024-07-16 22:58:30,798 : api : INFO : Скачивание завершено
2024-07-16 22:58:30,921 : api : INFO : Обработка данных завершена
2024-07-16 22:58:30,923 : database_psql : INFO : Подключаемся к базе данных PostgreSQL "API"
2024-07-16 23:00:53,224 : api : INFO : Подключаемся к API
2024-07-16 23:00:53,225 : api : INFO : Скачиваем данные из https://b2b.itresume.ru/api/statistics
2024-07-16 23:01:25,052 : api : INFO : Скачивание завершено
2024-07-16 23:01:25,169 : api : INFO : Обработка данных завершена
2024-07-16 23:01:25,177 : database_psql : INFO : Подключаемся к базе данных PostgreSQL "API"
2024-07-16 23:06:50,544 : api : INFO : Подключаемся к API
2024-07-16 23:06:50,545 : api : INFO : Скачиваем данные из https://b2b.itresume.ru/api/statistics
2024-07-16 23:07:18,391 : api : INFO : Скачивание завершено
2024-07-16 23:07:18,525 : api : INFO : Обработка данных завершена
2024-07-16 23:07:18,526 : database_psql : INFO : Подключаемся к базе данных PostgreSQL "API"
2024-07-16 23:08:28,697 : api : INFO : Подключаемся к API
2024-07-16 23:08:28,697 : api : INFO : Скачиваем данные из https://b2b.itresume.ru/api/statistics
2024-07-16 23:08:58,941 : api : INFO : Скачивание завершено
2024-07-16 23:08:59,058 : api : INFO : Обработка данных завершена
2024-07-16 23:08:59,059 : database_psql : INFO : Подключаемся к базе данных PostgreSQL "API"
2024-07-16 23:12:07,012 : api : INFO : Подключаемся к API
2024-07-16 23:12:07,013 : api : INFO : Скачиваем данные из https://b2b.itresume.ru/api/statistics
2024-07-16 23:12:35,936 : api : INFO : Скачивание завершено
2024-07-16 23:12:36,058 : api : INFO : Обработка данных завершена
2024-07-16 23:12:36,059 : database_psql : INFO : Подключаемся к базе данных PostgreSQL "API"
2024-07-16 23:19:38,815 : api : INFO : Подключаемся к API
2024-07-16 23:19:38,863 : api : INFO : Скачиваем данные из https://b2b.itresume.ru/api/statistics
2024-07-16 23:20:09,299 : api : INFO : Скачивание завершено
2024-07-16 23:20:09,430 : api : INFO : Обработка данных завершена
2024-07-16 23:20:09,439 : database_psql : INFO : Подключаемся к базе данных PostgreSQL "API"
2024-07-16 23:21:30,030 : api : INFO : Подключаемся к API
2024-07-16 23:21:30,030 : api : INFO : Скачиваем данные из https://b2b.itresume.ru/api/statistics
2024-07-16 23:21:55,361 : api : INFO : Скачивание завершено
2024-07-16 23:21:55,479 : api : INFO : Обработка данных завершена
2024-07-16 23:21:55,480 : database_psql : INFO : Подключаемся к базе данных PostgreSQL "API"
2024-07-16 23:23:01,984 : api : INFO : Подключаемся к API
2024-07-16 23:23:01,985 : api : INFO : Скачиваем данные из https://b2b.itresume.ru/api/statistics
2024-07-16 23:23:26,458 : api : INFO : Скачивание завершено
2024-07-16 23:23:26,577 : api : INFO : Обработка данных завершена
2024-07-16 23:23:26,578 : database_psql : INFO : Подключаемся к базе данных PostgreSQL "API"
2024-07-16 23:23:26,678 : database_psql : ERROR : Ошибка подключения 'utf-8' codec can't decode byte 0xc2 in position 61: invalid continuation byte
2024-07-16 23:23:26,679 : database_psql : INFO : Загружаем данные в базу данных "API"
2024-07-16 23:23:26,679 : database_psql : ERROR : Ошибка загрузки: 'PGDatabase' object has no attribute 'cursor'
2024-07-16 23:23:26,679 : database_psql : INFO : Загрузка завершена
2024-07-16 23:23:26,795 : googlesheets : INFO : Подключаемся к Google Sheets
2024-07-16 23:23:27,123 : googlesheets : ERROR : Ошибка подключения: ('invalid_grant: Invalid JWT Signature.', {'error': 'invalid_grant', 'error_description': 'Invalid JWT Signature.'})
2024-07-16 23:27:10,478 : api : INFO : Подключаемся к API
2024-07-16 23:27:10,478 : api : INFO : Скачиваем данные из https://b2b.itresume.ru/api/statistics
2024-07-16 23:27:35,666 : api : INFO : Скачивание завершено
2024-07-16 23:27:35,783 : api : INFO : Обработка данных завершена
2024-07-16 23:27:54,009 : api : INFO : Подключаемся к API
2024-07-16 23:27:54,009 : api : INFO : Скачиваем данные из https://b2b.itresume.ru/api/statistics
2024-07-16 23:28:19,329 : api : INFO : Скачивание завершено
2024-07-16 23:28:19,446 : api : INFO : Обработка данных завершена
2024-07-16 23:28:19,447 : database_psql : INFO : Подключаемся к базе данных PostgreSQL "API"
2024-07-16 23:28:19,541 : database_psql : ERROR : Ошибка подключения 'utf-8' codec can't decode byte 0xc2 in position 61: invalid continuation byte
2024-07-16 23:29:25,758 : api : INFO : Подключаемся к API
2024-07-16 23:29:25,759 : api : INFO : Скачиваем данные из https://b2b.itresume.ru/api/statistics
2024-07-16 23:29:52,233 : api : INFO : Скачивание завершено
2024-07-16 23:29:52,351 : api : INFO : Обработка данных завершена
2024-07-16 23:29:52,352 : database_psql : INFO : Подключаемся к базе данных PostgreSQL "API"
2024-07-16 23:29:52,443 : database_psql : ERROR : Ошибка подключения 'utf-8' codec can't decode byte 0xc2 in position 61: invalid continuation byte
2024-07-16 23:33:18,565 : api : INFO : Подключаемся к API
2024-07-16 23:33:18,605 : api : INFO : Скачиваем данные из https://b2b.itresume.ru/api/statistics
2024-07-16 23:33:45,772 : api : INFO : Скачивание завершено
2024-07-16 23:33:45,894 : api : INFO : Обработка данных завершена
2024-07-16 23:33:45,903 : database_psql : INFO : Подключаемся к базе данных PostgreSQL "API"
2024-07-16 23:33:46,030 : database_psql : ERROR : Ошибка подключения 'utf-8' codec can't decode byte 0xc2 in position 61: invalid continuation byte
2024-07-16 23:34:58,859 : api : INFO : Подключаемся к API
2024-07-16 23:34:58,859 : api : INFO : Скачиваем данные из https://b2b.itresume.ru/api/statistics
2024-07-16 23:35:33,746 : api : INFO : Скачивание завершено
2024-07-16 23:35:33,866 : api : INFO : Обработка данных завершена
2024-07-16 23:35:33,867 : database_psql : INFO : Подключаемся к базе данных PostgreSQL "API"
2024-07-16 23:35:33,924 : database_psql : ERROR : Ошибка подключения 'utf-8' codec can't decode byte 0xc2 in position 61: invalid continuation byte
2024-07-16 23:43:55,264 : api : INFO : Подключаемся к API
2024-07-16 23:43:55,265 : api : INFO : Скачиваем данные из https://b2b.itresume.ru/api/statistics
2024-07-16 23:44:26,118 : api : INFO : Скачивание завершено
2024-07-16 23:44:26,257 : api : INFO : Обработка данных завершена
2024-07-16 23:44:26,265 : database_psql : INFO : Подключаемся к базе данных PostgreSQL "API"
2024-07-16 23:44:26,386 : database_psql : ERROR : Ошибка подключения 'utf-8' codec can't decode byte 0xc2 in position 61: invalid continuation byte
