2024-07-31 15:26:13,583 : api : INFO : Подключаемся к API
2024-07-31 15:26:13,584 : api : INFO : Скачиваем данные из https://b2b.itresume.ru/api/statistics
2024-07-31 15:26:40,621 : api : INFO : Скачивание завершено
2024-07-31 15:26:40,766 : api : INFO : Обработка данных завершена
2024-07-31 15:26:40,768 : database_psql : INFO : Подключаемся к базе данных PostgreSQL "API"
2024-07-31 15:26:40,858 : database_psql : INFO : Загружаем данные в базу данных "API"
2024-07-31 15:26:40,858 : database_psql : ERROR : Ошибка загрузки: cursor already closed
2024-07-31 15:26:40,858 : database_psql : INFO : Загрузка завершена
2024-07-31 15:26:40,940 : googlesheets : INFO : Подключаемся к Google Sheets
2024-07-31 15:26:41,206 : googlesheets : ERROR : Ошибка подключения: ('invalid_grant: Invalid JWT Signature.', {'error': 'invalid_grant', 'error_description': 'Invalid JWT Signature.'})
2024-07-31 15:26:41,218 : email_report : INFO : Отправка сообщения e.kozlyaev@yandex.ru
2024-07-31 15:26:42,911 : email_report : INFO : Сообщение отправлено успешно
2024-07-31 15:27:26,120 : api : INFO : Подключаемся к API
2024-07-31 15:27:26,120 : api : INFO : Скачиваем данные из https://b2b.itresume.ru/api/statistics
2024-07-31 15:27:51,329 : api : INFO : Скачивание завершено
2024-07-31 15:27:51,493 : api : INFO : Обработка данных завершена
2024-07-31 15:27:51,496 : database_psql : INFO : Подключаемся к базе данных PostgreSQL "API"
2024-07-31 15:27:51,579 : database_psql : INFO : Загружаем данные в базу данных "API"
2024-07-31 15:27:53,781 : database_psql : INFO : Загрузка завершена
2024-07-31 15:27:53,810 : googlesheets : INFO : Подключаемся к Google Sheets
2024-07-31 15:27:54,047 : googlesheets : ERROR : Ошибка подключения: ('invalid_grant: Invalid JWT Signature.', {'error': 'invalid_grant', 'error_description': 'Invalid JWT Signature.'})
2024-07-31 15:27:54,055 : email_report : INFO : Отправка сообщения e.kozlyaev@yandex.ru
2024-07-31 15:27:55,141 : email_report : INFO : Сообщение отправлено успешно
2024-07-31 15:30:29,659 : api : INFO : Подключаемся к API
2024-07-31 15:30:29,660 : api : INFO : Скачиваем данные из https://b2b.itresume.ru/api/statistics
2024-07-31 15:30:52,848 : api : INFO : Скачивание завершено
2024-07-31 15:30:52,994 : api : INFO : Обработка данных завершена
2024-07-31 15:30:52,995 : database_psql : INFO : Подключаемся к базе данных PostgreSQL "API"
2024-07-31 15:30:53,055 : database_psql : INFO : Загружаем данные в базу данных "API"
2024-07-31 15:30:53,064 : database_psql : ERROR : Ошибка загрузки: cursor already closed
2024-07-31 15:30:53,064 : database_psql : INFO : Загрузка завершена
2024-07-31 15:30:53,093 : googlesheets : INFO : Подключаемся к Google Sheets
2024-07-31 15:30:53,340 : googlesheets : ERROR : Ошибка подключения: ('invalid_grant: Invalid JWT Signature.', {'error': 'invalid_grant', 'error_description': 'Invalid JWT Signature.'})
2024-07-31 15:30:53,341 : email_report : INFO : Отправка сообщения e.kozlyaev@yandex.ru
2024-07-31 15:30:54,485 : email_report : INFO : Сообщение отправлено успешно
2024-07-31 15:32:04,472 : api : INFO : Подключаемся к API
2024-07-31 15:32:04,472 : api : INFO : Скачиваем данные из https://b2b.itresume.ru/api/statistics
2024-07-31 15:32:27,425 : api : INFO : Скачивание завершено
2024-07-31 15:32:27,557 : api : INFO : Обработка данных завершена
2024-07-31 15:32:27,558 : database_psql : INFO : Подключаемся к базе данных PostgreSQL "API"
2024-07-31 15:32:27,616 : database_psql : INFO : Загружаем данные в базу данных "API"
2024-07-31 15:32:28,969 : database_psql : INFO : Загрузка завершена
2024-07-31 15:32:28,997 : googlesheets : INFO : Подключаемся к Google Sheets
2024-07-31 15:32:29,257 : googlesheets : ERROR : Ошибка подключения: ('invalid_grant: Invalid JWT Signature.', {'error': 'invalid_grant', 'error_description': 'Invalid JWT Signature.'})
2024-07-31 15:32:29,259 : email_report : INFO : Отправка сообщения e.kozlyaev@yandex.ru
2024-07-31 15:32:31,296 : email_report : INFO : Сообщение отправлено успешно
